2014-03-07 20:53:11 [INFO] Starting minecraft server version 1.6.4
2014-03-07 20:53:11 [INFO] Loading properties
2014-03-07 20:53:11 [WARNING] server.properties does not exist
2014-03-07 20:53:11 [INFO] Generating new properties file
2014-03-07 20:53:12 [INFO] Default game type: SURVIVAL
2014-03-07 20:53:12 [INFO] Generating keypair
2014-03-07 20:53:14 [INFO] Starting Minecraft server on *:25565
2014-03-07 20:53:15 [INFO] This server is running CraftBukkit version git-Bukkit-1.6.4-R2.0-b2918jnks (MC: 1.6.4) (Implementing API version 1.6.4-R2.0)
2014-03-07 20:53:16 [WARNING] Failed to load operators list: java.io.FileNotFoundException: .\ops.txt (The system cannot find the file specified)
2014-03-07 20:53:16 [WARNING] Failed to load white-list: java.io.FileNotFoundException: .\white-list.txt (The system cannot find the file specified)
2014-03-07 20:53:16 [INFO] Preparing level "world"
2014-03-07 20:53:18 [INFO] Preparing start region for level 0 (Seed: -4639508223535243829)
2014-03-07 20:53:19 [INFO] Preparing spawn area: 0%
2014-03-07 20:53:20 [INFO] Preparing spawn area: 4%
2014-03-07 20:53:21 [INFO] Preparing spawn area: 4%
2014-03-07 20:53:22 [INFO] Preparing spawn area: 5%
2014-03-07 20:53:23 [INFO] Preparing spawn area: 9%
2014-03-07 20:53:24 [INFO] Preparing spawn area: 13%
2014-03-07 20:53:25 [INFO] Preparing spawn area: 20%
2014-03-07 20:53:26 [INFO] Preparing spawn area: 25%
2014-03-07 20:53:27 [INFO] Preparing spawn area: 30%
2014-03-07 20:53:28 [INFO] Preparing spawn area: 33%
2014-03-07 20:53:29 [INFO] Preparing spawn area: 39%
2014-03-07 20:53:30 [INFO] Preparing spawn area: 45%
2014-03-07 20:53:31 [INFO] Preparing spawn area: 51%
2014-03-07 20:53:32 [INFO] Preparing spawn area: 55%
2014-03-07 20:53:33 [INFO] Preparing spawn area: 60%
2014-03-07 20:53:34 [INFO] Preparing spawn area: 65%
2014-03-07 20:53:35 [INFO] Preparing spawn area: 71%
2014-03-07 20:53:37 [INFO] Preparing spawn area: 78%
2014-03-07 20:53:38 [INFO] Preparing spawn area: 85%
2014-03-07 20:53:39 [INFO] Preparing spawn area: 92%
2014-03-07 20:53:40 [INFO] Preparing spawn area: 99%
2014-03-07 20:53:40 [INFO] Preparing start region for level 1 (Seed: -4639508223535243829)
2014-03-07 20:53:41 [INFO] Preparing spawn area: 5%
2014-03-07 20:53:42 [INFO] Preparing spawn area: 14%
2014-03-07 20:53:44 [INFO] Preparing spawn area: 21%
2014-03-07 20:53:45 [INFO] Preparing spawn area: 29%
2014-03-07 20:53:46 [INFO] Preparing spawn area: 35%
2014-03-07 20:53:47 [INFO] Preparing spawn area: 43%
2014-03-07 20:53:48 [INFO] Preparing spawn area: 51%
2014-03-07 20:53:49 [INFO] Preparing spawn area: 63%
2014-03-07 20:53:50 [INFO] Preparing spawn area: 68%
2014-03-07 20:53:51 [INFO] Preparing spawn area: 80%
2014-03-07 20:53:53 [INFO] Preparing spawn area: 84%
2014-03-07 20:53:54 [INFO] Preparing spawn area: 86%
2014-03-07 20:53:55 [INFO] Preparing spawn area: 95%
2014-03-07 20:53:55 [INFO] Preparing start region for level 2 (Seed: -4639508223535243829)
2014-03-07 20:53:56 [INFO] Preparing spawn area: 20%
2014-03-07 20:53:57 [INFO] Preparing spawn area: 48%
2014-03-07 20:53:58 [INFO] Preparing spawn area: 71%
2014-03-07 20:53:59 [INFO] Done (43.676s)! For help, type "help" or "?"
2014-03-07 20:54:06 [WARNING] Can't keep up! Did the system time change, or is the server overloaded?
2014-03-07 20:56:09 [INFO] CONSOLE: Stopping the server..[m
2014-03-07 20:56:09 [INFO] Stopping server
2014-03-07 20:56:09 [WARNING] DSCT: socket closed
2014-03-07 20:56:09 [INFO] Closing listening thread
2014-03-07 20:56:09 [INFO] Saving players
2014-03-07 20:56:09 [INFO] Saving worlds
2014-03-07 20:56:09 [INFO] Saving chunks for level 'world'/Overworld
2014-03-07 20:56:11 [INFO] Saving chunks for level 'world_nether'/Nether
2014-03-07 20:56:11 [INFO] Saving chunks for level 'world_the_end'/The End
2014-03-07 21:11:51 [INFO] Starting minecraft server version 1.6.4
2014-03-07 21:11:51 [INFO] Loading properties
2014-03-07 21:11:51 [INFO] Default game type: SURVIVAL
2014-03-07 21:11:51 [INFO] Generating keypair
2014-03-07 21:11:53 [INFO] Starting Minecraft server on *:25565
2014-03-07 21:11:54 [INFO] This server is running CraftBukkit version git-Bukkit-1.6.4-R2.0-b2918jnks (MC: 1.6.4) (Implementing API version 1.6.4-R2.0)
2014-03-07 21:11:55 [INFO] Preparing level "world"
2014-03-07 21:11:56 [INFO] Preparing start region for level 0 (Seed: -4639508223535243829)
2014-03-07 21:11:57 [INFO] Preparing spawn area: 1%
2014-03-07 21:11:58 [INFO] Preparing spawn area: 28%
2014-03-07 21:11:59 [INFO] Preparing spawn area: 62%
2014-03-07 21:12:00 [INFO] Preparing spawn area: 81%
2014-03-07 21:12:01 [INFO] Preparing start region for level 1 (Seed: -4639508223535243829)
2014-03-07 21:12:02 [INFO] Preparing spawn area: 29%
2014-03-07 21:12:03 [INFO] Preparing spawn area: 54%
2014-03-07 21:12:04 [INFO] Preparing spawn area: 62%
2014-03-07 21:12:05 [INFO] Preparing spawn area: 88%
2014-03-07 21:12:06 [INFO] Preparing start region for level 2 (Seed: -4639508223535243829)
2014-03-07 21:12:07 [INFO] Preparing spawn area: 50%
2014-03-07 21:12:07 [INFO] Server permissions file permissions.yml is empty, ignoring it
2014-03-07 21:12:07 [INFO] Done (12.645s)! For help, type "help" or "?"
2014-03-07 21:12:12 [WARNING] Can't keep up! Did the system time change, or is the server overloaded?
2014-03-07 21:17:16 [WARNING] Can't keep up! Did the system time change, or is the server overloaded?
2014-03-07 21:17:17 [INFO] martinohanlon[/127.0.0.1:59081] logged in with entity id 1115 at ([world] 94.5, 75.0, 246.5)
2014-03-07 21:17:37 [WARNING] Can't keep up! Did the system time change, or is the server overloaded?
2014-03-07 21:18:40 [INFO] Connection reset
2014-03-07 21:18:40 [INFO] martinohanlon lost connection: disconnect.quitting
2014-03-07 21:18:40 [INFO] §emartinohanlon left the game.
2014-03-07 21:41:03 [INFO] CONSOLE: Stopping the server..[m
2014-03-07 21:41:03 [INFO] Stopping server
2014-03-07 21:41:03 [INFO] Saving players
2014-03-07 21:41:03 [WARNING] DSCT: socket closed
2014-03-07 21:41:03 [INFO] Saving worlds
2014-03-07 21:41:03 [INFO] Closing listening thread
2014-03-07 21:41:03 [INFO] Saving chunks for level 'world'/Overworld
2014-03-07 21:41:04 [INFO] Saving chunks for level 'world_nether'/Nether
2014-03-07 21:41:04 [INFO] Saving chunks for level 'world_the_end'/The End
2014-03-07 21:41:04 [INFO] Stopping server
2014-03-07 21:41:12 [INFO] Starting minecraft server version 1.6.4
2014-03-07 21:41:12 [INFO] Loading properties
2014-03-07 21:41:12 [INFO] Default game type: CREATIVE
2014-03-07 21:41:12 [INFO] Generating keypair
2014-03-07 21:41:13 [INFO] Starting Minecraft server on *:25565
2014-03-07 21:41:14 [INFO] This server is running CraftBukkit version git-Bukkit-1.6.4-R2.0-b2918jnks (MC: 1.6.4) (Implementing API version 1.6.4-R2.0)
2014-03-07 21:41:14 [INFO] Preparing level "world"
2014-03-07 21:41:15 [INFO] Preparing start region for level 0 (Seed: -4639508223535243829)
2014-03-07 21:41:16 [INFO] Preparing spawn area: 5%
2014-03-07 21:41:17 [INFO] Preparing spawn area: 55%
2014-03-07 21:41:18 [INFO] Preparing spawn area: 99%
2014-03-07 21:41:18 [INFO] Preparing start region for level 1 (Seed: -4639508223535243829)
2014-03-07 21:41:19 [INFO] Preparing spawn area: 59%
2014-03-07 21:41:20 [INFO] Preparing start region for level 2 (Seed: -4639508223535243829)
2014-03-07 21:41:20 [INFO] Server permissions file permissions.yml is empty, ignoring it
2014-03-07 21:41:20 [INFO] Done (6.054s)! For help, type "help" or "?"
2014-03-07 21:41:26 [WARNING] Can't keep up! Did the system time change, or is the server overloaded?
2014-03-07 21:41:45 [WARNING] Can't keep up! Did the system time change, or is the server overloaded?
2014-03-07 21:42:46 [INFO] martinohanlon[/127.0.0.1:59377] logged in with entity id 456 at ([world] 94.5, 75.0, 246.5)
2014-03-07 21:42:53 [WARNING] Can't keep up! Did the system time change, or is the server overloaded?
2014-03-07 21:43:01 [INFO] martinohanlon issued server command: /set time 6
2014-03-07 21:43:08 [INFO] martinohanlon issued server command: /time set 6
2014-03-07 21:43:17 [INFO] CONSOLE: Opped martinohanlon[m
2014-03-07 21:44:35 [INFO] martinohanlon issued server command: /time set 6
2014-03-07 21:44:35 [INFO] martinohanlon: Set time to 6[m
2014-03-07 21:44:49 [INFO] Connection reset
2014-03-07 21:44:49 [INFO] martinohanlon lost connection: disconnect.quitting
2014-03-07 21:44:50 [INFO] §emartinohanlon left the game.
2014-03-07 21:44:56 [INFO] CONSOLE: Stopping the server..[m
2014-03-07 21:44:56 [INFO] Stopping server
2014-03-07 21:44:56 [INFO] Saving players
2014-03-07 21:44:56 [WARNING] DSCT: socket closed
2014-03-07 21:44:56 [INFO] Saving worlds
2014-03-07 21:44:56 [INFO] Closing listening thread
2014-03-07 21:44:56 [INFO] Saving chunks for level 'world'/Overworld
2014-03-07 21:44:58 [INFO] Saving chunks for level 'world_nether'/Nether
2014-03-07 21:44:58 [INFO] Saving chunks for level 'world_the_end'/The End
2014-03-07 21:45:52 [INFO] Starting minecraft server version 1.6.4
2014-03-07 21:45:52 [INFO] Loading properties
2014-03-07 21:45:52 [INFO] Default game type: CREATIVE
2014-03-07 21:45:52 [INFO] Generating keypair
2014-03-07 21:45:53 [INFO] Starting Minecraft server on *:25565
2014-03-07 21:45:55 [INFO] This server is running CraftBukkit version git-Bukkit-1.6.4-R2.0-b2918jnks (MC: 1.6.4) (Implementing API version 1.6.4-R2.0)
2014-03-07 21:45:55 [INFO] Preparing level "world"
2014-03-07 21:45:56 [INFO] Preparing start region for level 0 (Seed: -4639508223535243829)
2014-03-07 21:45:57 [INFO] Preparing spawn area: 1%
2014-03-07 21:45:58 [INFO] Preparing spawn area: 35%
2014-03-07 21:45:59 [INFO] Preparing spawn area: 73%
2014-03-07 21:46:00 [INFO] Preparing start region for level 1 (Seed: -4639508223535243829)
2014-03-07 21:46:01 [INFO] Preparing spawn area: 45%
2014-03-07 21:46:02 [INFO] Preparing spawn area: 75%
2014-03-07 21:46:03 [INFO] Preparing start region for level 2 (Seed: -4639508223535243829)
2014-03-07 21:46:04 [INFO] Server permissions file permissions.yml is empty, ignoring it
2014-03-07 21:46:04 [INFO] Done (8.554s)! For help, type "help" or "?"
2014-03-07 21:46:08 [WARNING] Can't keep up! Did the system time change, or is the server overloaded?
2014-03-07 21:46:17 [INFO] martinohanlon[/127.0.0.1:59387] logged in with entity id 365 at ([world] 94.5, 75.0, 246.5)
2014-03-07 21:46:35 [INFO] martinohanlon lost connection: disconnect.quitting
2014-03-07 21:46:35 [INFO] Connection reset
2014-03-07 21:46:35 [INFO] §emartinohanlon left the game.
2014-03-07 21:51:08 [WARNING] Can't keep up! Did the system time change, or is the server overloaded?
2014-03-07 21:53:35 [INFO] CONSOLE: Stopping the server..[m
2014-03-07 21:53:35 [INFO] Stopping server
2014-03-07 21:53:35 [INFO] Saving players
2014-03-07 21:53:35 [WARNING] DSCT: socket closed
2014-03-07 21:53:35 [INFO] Saving worlds
2014-03-07 21:53:35 [INFO] Closing listening thread
2014-03-07 21:53:35 [INFO] Saving chunks for level 'world'/Overworld
2014-03-07 21:53:41 [INFO] Saving chunks for level 'world_nether'/Nether
2014-03-07 21:53:41 [INFO] Saving chunks for level 'world_the_end'/The End
2014-03-07 21:53:50 [INFO] Starting minecraft server version 1.6.4
2014-03-07 21:53:51 [INFO] Loading properties
2014-03-07 21:53:51 [INFO] Default game type: CREATIVE
2014-03-07 21:53:51 [INFO] Generating keypair
2014-03-07 21:53:53 [INFO] Starting Minecraft server on *:25565
2014-03-07 21:53:55 [INFO] This server is running CraftBukkit version git-Bukkit-1.6.4-R2.0-b2918jnks (MC: 1.6.4) (Implementing API version 1.6.4-R2.0)
2014-03-07 21:53:56 [INFO] Preparing level "world"
2014-03-07 21:53:58 [INFO] Preparing start region for level 0 (Seed: -4639508223535243829)
2014-03-07 21:53:59 [INFO] Preparing spawn area: 1%
2014-03-07 21:54:00 [INFO] Preparing spawn area: 19%
2014-03-07 21:54:01 [INFO] Preparing spawn area: 40%
2014-03-07 21:54:02 [INFO] Preparing spawn area: 66%
2014-03-07 21:54:03 [INFO] Preparing spawn area: 81%
2014-03-07 21:54:04 [INFO] Preparing start region for level 1 (Seed: -4639508223535243829)
2014-03-07 21:54:05 [INFO] Preparing spawn area: 44%
2014-03-07 21:54:06 [INFO] Preparing spawn area: 82%
2014-03-07 21:54:06 [INFO] Preparing start region for level 2 (Seed: -4639508223535243829)
2014-03-07 21:54:07 [INFO] Server permissions file permissions.yml is empty, ignoring it
2014-03-07 21:54:07 [INFO] Done (11.282s)! For help, type "help" or "?"
2014-03-07 21:54:14 [INFO] CONSOLE: Opped martinohanlon[m
2014-03-07 21:59:12 [WARNING] Can't keep up! Did the system time change, or is the server overloaded?
2014-03-07 22:07:30 [INFO] CONSOLE: Stopping the server..[m
2014-03-07 22:07:30 [INFO] Stopping server
2014-03-07 22:07:30 [INFO] Saving players
2014-03-07 22:07:30 [WARNING] DSCT: socket closed
2014-03-07 22:07:30 [INFO] Saving worlds
2014-03-07 22:07:30 [INFO] Closing listening thread
2014-03-07 22:07:30 [INFO] Saving chunks for level 'world'/Overworld
2014-03-07 22:07:41 [INFO] Saving chunks for level 'world_nether'/Nether
2014-03-07 22:07:41 [INFO] Saving chunks for level 'world_the_end'/The End
2014-03-07 22:07:41 [INFO] Stopping server
2014-03-07 22:07:41 [INFO] Saving players
2014-03-07 22:07:41 [INFO] Saving worlds
2014-03-07 22:07:41 [INFO] Saving chunks for level 'world'/Overworld
2014-03-07 22:07:41 [INFO] Saving chunks for level 'world_nether'/Nether
2014-03-09 22:02:07 [INFO] Starting minecraft server version 1.6.4
2014-03-09 22:02:07 [INFO] Loading properties
2014-03-09 22:02:07 [INFO] Default game type: CREATIVE
2014-03-09 22:02:07 [INFO] Generating keypair
2014-03-09 22:02:08 [INFO] Starting Minecraft server on *:25565
2014-03-09 22:02:10 [INFO] This server is running CraftBukkit version git-Bukkit-1.6.4-R2.0-b2918jnks (MC: 1.6.4) (Implementing API version 1.6.4-R2.0)
2014-03-09 22:02:10 [INFO] [RaspberryJuice] Loading RaspberryJuice v1.2
2014-03-09 22:02:10 [INFO] Preparing level "world"
2014-03-09 22:02:11 [INFO] Preparing start region for level 0 (Seed: -4639508223535243829)
2014-03-09 22:02:12 [INFO] Preparing spawn area: 3%
2014-03-09 22:02:13 [INFO] Preparing spawn area: 50%
2014-03-09 22:02:14 [INFO] Preparing spawn area: 87%
2014-03-09 22:02:14 [INFO] Preparing start region for level 1 (Seed: -4639508223535243829)
2014-03-09 22:02:15 [INFO] Preparing spawn area: 70%
2014-03-09 22:02:15 [INFO] Preparing start region for level 2 (Seed: -4639508223535243829)
2014-03-09 22:02:16 [INFO] [RaspberryJuice] Enabling RaspberryJuice v1.2
2014-03-09 22:02:16 [INFO] Server permissions file permissions.yml is empty, ignoring it
2014-03-09 22:02:16 [INFO] Done (6.043s)! For help, type "help" or "?"
2014-03-09 22:02:35 [INFO] CONSOLE: Stopping the server..[m
2014-03-09 22:02:35 [INFO] Stopping server
2014-03-09 22:02:35 [INFO] [RaspberryJuice] Disabling RaspberryJuice v1.2
2014-03-09 22:02:35 [SEVERE] java.net.SocketException: socket closed
2014-03-09 22:02:35 [WARNING] DSCT: socket closed
2014-03-09 22:02:35 [INFO] Closing listening thread
2014-03-09 22:02:35 [INFO] Saving players
2014-03-09 22:02:35 [INFO] Saving worlds
2014-03-09 22:02:35 [INFO] Saving chunks for level 'world'/Overworld
2014-03-09 22:02:35 [SEVERE] 	at java.net.DualStackPlainSocketImpl.accept0(Native Method)
2014-03-09 22:02:35 [SEVERE] 	at java.net.DualStackPlainSocketImpl.socketAccept(Unknown Source)
2014-03-09 22:02:35 [SEVERE] 	at java.net.AbstractPlainSocketImpl.accept(Unknown Source)
2014-03-09 22:02:35 [SEVERE] 	at java.net.PlainSocketImpl.accept(Unknown Source)
2014-03-09 22:02:35 [SEVERE] 	at java.net.ServerSocket.implAccept(Unknown Source)
2014-03-09 22:02:35 [SEVERE] 	at java.net.ServerSocket.accept(Unknown Source)
2014-03-09 22:02:35 [SEVERE] 	at net.zhuoweizhang.raspberryjuice.ServerListenerThread.run(ServerListenerThread.java:27)
2014-03-09 22:02:35 [SEVERE] 	at java.lang.Thread.run(Unknown Source)
2014-03-09 22:02:37 [INFO] Saving chunks for level 'world_nether'/Nether
2014-03-09 22:02:39 [INFO] Saving chunks for level 'world_the_end'/The End
2014-03-09 22:02:53 [INFO] Starting minecraft server version 1.6.4
2014-03-09 22:02:53 [INFO] Loading properties
2014-03-09 22:02:53 [INFO] Default game type: CREATIVE
2014-03-09 22:02:53 [INFO] Generating keypair
2014-03-09 22:02:54 [INFO] Starting Minecraft server on *:25565
2014-03-09 22:02:55 [INFO] This server is running CraftBukkit version git-Bukkit-1.6.4-R2.0-b2918jnks (MC: 1.6.4) (Implementing API version 1.6.4-R2.0)
2014-03-09 22:02:55 [INFO] [RaspberryJuice] Loading RaspberryJuice v1.2
2014-03-09 22:02:55 [INFO] Preparing level "world"
2014-03-09 22:02:56 [INFO] Preparing start region for level 0 (Seed: 1848793393572273633)
2014-03-09 22:02:58 [INFO] Preparing spawn area: 4%
2014-03-09 22:02:59 [INFO] Preparing spawn area: 5%
2014-03-09 22:03:00 [INFO] Preparing spawn area: 8%
2014-03-09 22:03:01 [INFO] Preparing spawn area: 10%
2014-03-09 22:03:02 [INFO] Preparing spawn area: 15%
2014-03-09 22:03:03 [INFO] Preparing spawn area: 21%
2014-03-09 22:03:04 [INFO] Preparing spawn area: 28%
2014-03-09 22:03:05 [INFO] Preparing spawn area: 34%
2014-03-09 22:03:06 [INFO] Preparing spawn area: 41%
2014-03-09 22:03:07 [INFO] Preparing spawn area: 47%
2014-03-09 22:03:08 [INFO] Preparing spawn area: 51%
2014-03-09 22:03:09 [INFO] Preparing spawn area: 57%
2014-03-09 22:03:10 [INFO] Preparing spawn area: 64%
2014-03-09 22:03:11 [INFO] Preparing spawn area: 72%
2014-03-09 22:03:12 [INFO] Preparing spawn area: 79%
2014-03-09 22:03:13 [INFO] Preparing spawn area: 84%
2014-03-09 22:03:14 [INFO] Preparing spawn area: 87%
2014-03-09 22:03:15 [INFO] Preparing spawn area: 95%
2014-03-09 22:03:16 [INFO] Preparing start region for level 1 (Seed: 1848793393572273633)
2014-03-09 22:03:17 [INFO] Preparing spawn area: 3%
2014-03-09 22:03:18 [INFO] Preparing spawn area: 10%
2014-03-09 22:03:19 [INFO] Preparing spawn area: 18%
2014-03-09 22:03:20 [INFO] Preparing spawn area: 21%
2014-03-09 22:03:21 [INFO] Preparing spawn area: 29%
2014-03-09 22:03:23 [INFO] Preparing spawn area: 34%
2014-03-09 22:03:25 [INFO] Preparing spawn area: 39%
2014-03-09 22:03:26 [INFO] Preparing spawn area: 49%
2014-03-09 22:03:27 [INFO] Preparing spawn area: 55%
2014-03-09 22:03:28 [INFO] Preparing spawn area: 63%
2014-03-09 22:03:29 [INFO] Preparing spawn area: 71%
2014-03-09 22:03:30 [INFO] Preparing spawn area: 78%
2014-03-09 22:03:31 [INFO] Preparing spawn area: 82%
2014-03-09 22:03:33 [INFO] Preparing spawn area: 88%
2014-03-09 22:03:34 [INFO] Preparing spawn area: 96%
2014-03-09 22:03:34 [INFO] Preparing start region for level 2 (Seed: 1848793393572273633)
2014-03-09 22:03:35 [INFO] Preparing spawn area: 18%
2014-03-09 22:03:36 [INFO] Preparing spawn area: 45%
2014-03-09 22:03:37 [INFO] Preparing spawn area: 67%
2014-03-09 22:03:38 [INFO] Preparing spawn area: 96%
2014-03-09 22:03:38 [INFO] [RaspberryJuice] Enabling RaspberryJuice v1.2
2014-03-09 22:03:38 [INFO] Server permissions file permissions.yml is empty, ignoring it
2014-03-09 22:03:38 [INFO] Done (43.085s)! For help, type "help" or "?"
2014-03-09 22:03:43 [WARNING] Can't keep up! Did the system time change, or is the server overloaded?
2017-06-21 22:48:43 [INFO] Starting minecraft server version 1.6.4
2017-06-21 22:48:43 [INFO] Loading properties
2017-06-21 22:48:43 [INFO] Default game type: CREATIVE
2017-06-21 22:48:43 [INFO] Generating keypair
2017-06-21 22:48:43 [INFO] Starting Minecraft server on *:25565
2017-06-21 22:48:44 [INFO] This server is running CraftBukkit version git-Bukkit-1.6.4-R2.0-b2918jnks (MC: 1.6.4) (Implementing API version 1.6.4-R2.0)
2017-06-21 22:48:44 [INFO] [RaspberryJuice] Loading RaspberryJuice v1.3
2017-06-21 22:48:44 [WARNING] **** SERVER IS RUNNING IN OFFLINE/INSECURE MODE!
2017-06-21 22:48:44 [WARNING] The server will make no attempt to authenticate usernames. Beware.
2017-06-21 22:48:44 [WARNING] While this makes the game possible to play without internet access, it also opens up the ability for hackers to connect with any username they choose.
2017-06-21 22:48:44 [WARNING] To change this, set "online-mode" to "true" in the server.properties file.
2017-06-21 22:48:44 [INFO] Preparing level "world"
2017-06-21 22:48:44 [INFO] Preparing start region for level 0 (Seed: -4941169331827867998)
2017-06-21 22:48:45 [SEVERE] Exception in thread "Thread-6" 
2017-06-21 22:48:45 [SEVERE] org.bukkit.craftbukkit.libs.com.google.gson.JsonSyntaxException: java.lang.IllegalStateException: Expected BEGIN_OBJECT but was STRING at line 1 column 7
2017-06-21 22:48:45 [SEVERE] 	at org.bukkit.craftbukkit.libs.com.google.gson.internal.bind.ReflectiveTypeAdapterFactory$Adapter.read(ReflectiveTypeAdapterFactory.java:176)
2017-06-21 22:48:45 [SEVERE] 	at org.bukkit.craftbukkit.libs.com.google.gson.Gson.fromJson(Gson.java:795)
2017-06-21 22:48:45 [SEVERE] 	at org.bukkit.craftbukkit.libs.com.google.gson.Gson.fromJson(Gson.java:734)
2017-06-21 22:48:45 [SEVERE] 	at org.bukkit.craftbukkit.v1_6_R3.updater.BukkitDLUpdaterService.fetchArtifact(BukkitDLUpdaterService.java:51)
2017-06-21 22:48:45 [SEVERE] 	at org.bukkit.craftbukkit.v1_6_R3.updater.BukkitDLUpdaterService.getArtifact(BukkitDLUpdaterService.java:28)
2017-06-21 22:48:45 [SEVERE] 	at org.bukkit.craftbukkit.v1_6_R3.updater.AutoUpdater$1.run(AutoUpdater.java:77)
2017-06-21 22:48:45 [SEVERE] Caused by: java.lang.IllegalStateException: Expected BEGIN_OBJECT but was STRING at line 1 column 7
2017-06-21 22:48:45 [SEVERE] 	at org.bukkit.craftbukkit.libs.com.google.gson.stream.JsonReader.expect(JsonReader.java:339)
2017-06-21 22:48:45 [SEVERE] 	at org.bukkit.craftbukkit.libs.com.google.gson.stream.JsonReader.beginObject(JsonReader.java:322)
2017-06-21 22:48:45 [SEVERE] 	at org.bukkit.craftbukkit.libs.com.google.gson.internal.bind.ReflectiveTypeAdapterFactory$Adapter.read(ReflectiveTypeAdapterFactory.java:165)
2017-06-21 22:48:45 [SEVERE] 	... 5 more
2017-06-21 22:48:45 [INFO] Preparing spawn area: 10%
2017-06-21 22:48:46 [INFO] Preparing spawn area: 24%
2017-06-21 22:48:47 [INFO] Preparing spawn area: 40%
2017-06-21 22:48:48 [INFO] Preparing spawn area: 53%
2017-06-21 22:48:49 [INFO] Preparing spawn area: 66%
2017-06-21 22:48:50 [INFO] Preparing spawn area: 81%
2017-06-21 22:48:51 [INFO] Preparing spawn area: 92%
2017-06-21 22:48:52 [INFO] Preparing start region for level 1 (Seed: -4941169331827867998)
2017-06-21 22:48:53 [INFO] Preparing spawn area: 18%
2017-06-21 22:48:54 [INFO] Preparing spawn area: 42%
2017-06-21 22:48:55 [INFO] Preparing spawn area: 53%
2017-06-21 22:48:56 [INFO] Preparing spawn area: 72%
2017-06-21 22:48:57 [INFO] Preparing spawn area: 91%
2017-06-21 22:48:57 [INFO] Preparing start region for level 2 (Seed: -4941169331827867998)
2017-06-21 22:48:58 [INFO] Preparing spawn area: 52%
2017-06-21 22:48:59 [INFO] [RaspberryJuice] Enabling RaspberryJuice v1.3
2017-06-21 22:48:59 [INFO] Server permissions file permissions.yml is empty, ignoring it
2017-06-21 22:48:59 [INFO] Done (15.028s)! For help, type "help" or "?"
2017-06-21 22:49:21 [INFO] CONSOLE: Stopping the server..[m
2017-06-21 22:49:21 [INFO] Stopping server
2017-06-21 22:49:21 [INFO] [RaspberryJuice] Disabling RaspberryJuice v1.3
2017-06-21 22:49:21 [SEVERE] java.net.SocketException: socket closed
2017-06-21 22:49:21 [SEVERE] 	at java.net.DualStackPlainSocketImpl.accept0(Native Method)
2017-06-21 22:49:21 [INFO] Saving players
2017-06-21 22:49:21 [SEVERE] 	at java.net.DualStackPlainSocketImpl.socketAccept(Unknown Source)
2017-06-21 22:49:21 [WARNING] DSCT: socket closed
2017-06-21 22:49:21 [SEVERE] 	at java.net.AbstractPlainSocketImpl.accept(Unknown Source)
2017-06-21 22:49:21 [INFO] Saving worlds
2017-06-21 22:49:21 [INFO] Closing listening thread
2017-06-21 22:49:21 [INFO] Saving chunks for level 'world'/Overworld
2017-06-21 22:49:21 [SEVERE] 	at java.net.PlainSocketImpl.accept(Unknown Source)
2017-06-21 22:49:21 [SEVERE] 	at java.net.ServerSocket.implAccept(Unknown Source)
2017-06-21 22:49:21 [SEVERE] 	at java.net.ServerSocket.accept(Unknown Source)
2017-06-21 22:49:21 [SEVERE] 	at net.zhuoweizhang.raspberryjuice.ServerListenerThread.run(ServerListenerThread.java:27)
2017-06-21 22:49:21 [SEVERE] 	at java.lang.Thread.run(Unknown Source)
2017-06-21 22:49:22 [INFO] Saving chunks for level 'world_nether'/Nether
2017-06-21 22:49:22 [INFO] Saving chunks for level 'world_the_end'/The End
2017-06-21 22:49:22 [INFO] Stopping server
2017-06-21 23:24:17 [INFO] Starting minecraft server version 1.6.4
2017-06-21 23:24:17 [INFO] Loading properties
2017-06-21 23:24:17 [INFO] Default game type: CREATIVE
2017-06-21 23:24:17 [INFO] Generating keypair
2017-06-21 23:24:17 [INFO] Starting Minecraft server on *:25565
2017-06-21 23:24:17 [INFO] This server is running CraftBukkit version git-Bukkit-1.6.4-R2.0-b2918jnks (MC: 1.6.4) (Implementing API version 1.6.4-R2.0)
2017-06-21 23:24:17 [INFO] [RaspberryJuice] Loading RaspberryJuice v1.3
2017-06-21 23:24:17 [WARNING] **** SERVER IS RUNNING IN OFFLINE/INSECURE MODE!
2017-06-21 23:24:17 [WARNING] The server will make no attempt to authenticate usernames. Beware.
2017-06-21 23:24:17 [WARNING] While this makes the game possible to play without internet access, it also opens up the ability for hackers to connect with any username they choose.
2017-06-21 23:24:17 [WARNING] To change this, set "online-mode" to "true" in the server.properties file.
2017-06-21 23:24:17 [INFO] Preparing level "world"
2017-06-21 23:24:17 [INFO] Preparing start region for level 0 (Seed: -4941169331827867998)
2017-06-21 23:24:18 [INFO] Preparing start region for level 1 (Seed: -4941169331827867998)
2017-06-21 23:24:18 [SEVERE] Exception in thread "Thread-6" 
2017-06-21 23:24:18 [SEVERE] org.bukkit.craftbukkit.libs.com.google.gson.JsonSyntaxException: java.lang.IllegalStateException: Expected BEGIN_OBJECT but was STRING at line 1 column 7
2017-06-21 23:24:18 [SEVERE] 	at org.bukkit.craftbukkit.libs.com.google.gson.internal.bind.ReflectiveTypeAdapterFactory$Adapter.read(ReflectiveTypeAdapterFactory.java:176)
2017-06-21 23:24:18 [SEVERE] 	at org.bukkit.craftbukkit.libs.com.google.gson.Gson.fromJson(Gson.java:795)
2017-06-21 23:24:18 [SEVERE] 	at org.bukkit.craftbukkit.libs.com.google.gson.Gson.fromJson(Gson.java:734)
2017-06-21 23:24:18 [SEVERE] 	at org.bukkit.craftbukkit.v1_6_R3.updater.BukkitDLUpdaterService.fetchArtifact(BukkitDLUpdaterService.java:51)
2017-06-21 23:24:18 [SEVERE] 	at org.bukkit.craftbukkit.v1_6_R3.updater.BukkitDLUpdaterService.getArtifact(BukkitDLUpdaterService.java:28)
2017-06-21 23:24:18 [SEVERE] 	at org.bukkit.craftbukkit.v1_6_R3.updater.AutoUpdater$1.run(AutoUpdater.java:77)
2017-06-21 23:24:18 [SEVERE] Caused by: java.lang.IllegalStateException: Expected BEGIN_OBJECT but was STRING at line 1 column 7
2017-06-21 23:24:18 [SEVERE] 	at org.bukkit.craftbukkit.libs.com.google.gson.stream.JsonReader.expect(JsonReader.java:339)
2017-06-21 23:24:18 [SEVERE] 	at org.bukkit.craftbukkit.libs.com.google.gson.stream.JsonReader.beginObject(JsonReader.java:322)
2017-06-21 23:24:18 [SEVERE] 	at org.bukkit.craftbukkit.libs.com.google.gson.internal.bind.ReflectiveTypeAdapterFactory$Adapter.read(ReflectiveTypeAdapterFactory.java:165)
2017-06-21 23:24:18 [SEVERE] 	... 5 more
2017-06-21 23:24:18 [INFO] Preparing start region for level 2 (Seed: -4941169331827867998)
2017-06-21 23:24:19 [INFO] [RaspberryJuice] Enabling RaspberryJuice v1.3
2017-06-21 23:24:19 [INFO] Server permissions file permissions.yml is empty, ignoring it
2017-06-21 23:24:19 [INFO] Done (1.496s)! For help, type "help" or "?"
2017-06-21 23:29:09 [INFO] CONSOLE: Stopping the server..[m
2017-06-21 23:29:09 [INFO] Stopping server
2017-06-21 23:29:09 [INFO] [RaspberryJuice] Disabling RaspberryJuice v1.3
2017-06-21 23:29:09 [SEVERE] java.net.SocketException: socket closed
2017-06-21 23:29:09 [SEVERE] 	at java.net.DualStackPlainSocketImpl.accept0(Native Method)
2017-06-21 23:29:09 [WARNING] DSCT: socket closed
2017-06-21 23:29:09 [INFO] Saving players
2017-06-21 23:29:09 [SEVERE] 	at java.net.DualStackPlainSocketImpl.socketAccept(Unknown Source)
2017-06-21 23:29:09 [INFO] Closing listening thread
2017-06-21 23:29:09 [INFO] Saving worlds
2017-06-21 23:29:09 [SEVERE] 	at java.net.AbstractPlainSocketImpl.accept(Unknown Source)
2017-06-21 23:29:09 [INFO] Saving chunks for level 'world'/Overworld
2017-06-21 23:29:09 [SEVERE] 	at java.net.PlainSocketImpl.accept(Unknown Source)
2017-06-21 23:29:09 [SEVERE] 	at java.net.ServerSocket.implAccept(Unknown Source)
2017-06-21 23:29:09 [SEVERE] 	at java.net.ServerSocket.accept(Unknown Source)
2017-06-21 23:29:09 [SEVERE] 	at net.zhuoweizhang.raspberryjuice.ServerListenerThread.run(ServerListenerThread.java:27)
2017-06-21 23:29:09 [SEVERE] 	at java.lang.Thread.run(Unknown Source)
2017-06-21 23:29:09 [INFO] Saving chunks for level 'world_nether'/Nether
2017-06-21 23:29:09 [INFO] Saving chunks for level 'world_the_end'/The End
2017-06-22 06:30:36 [INFO] Starting minecraft server version 1.6.4
2017-06-22 06:30:36 [INFO] Loading properties
2017-06-22 06:30:36 [INFO] Default game type: CREATIVE
2017-06-22 06:30:36 [INFO] Generating keypair
2017-06-22 06:30:37 [INFO] Starting Minecraft server on *:25565
2017-06-22 06:30:37 [INFO] This server is running CraftBukkit version git-Bukkit-1.6.4-R2.0-b2918jnks (MC: 1.6.4) (Implementing API version 1.6.4-R2.0)
2017-06-22 06:30:37 [INFO] [RaspberryJuice] Loading RaspberryJuice v1.3
2017-06-22 06:30:37 [WARNING] **** SERVER IS RUNNING IN OFFLINE/INSECURE MODE!
2017-06-22 06:30:37 [WARNING] The server will make no attempt to authenticate usernames. Beware.
2017-06-22 06:30:37 [WARNING] While this makes the game possible to play without internet access, it also opens up the ability for hackers to connect with any username they choose.
2017-06-22 06:30:37 [WARNING] To change this, set "online-mode" to "true" in the server.properties file.
2017-06-22 06:30:37 [INFO] Preparing level "world"
2017-06-22 06:30:38 [INFO] Preparing start region for level 0 (Seed: -4941169331827867998)
2017-06-22 06:30:38 [INFO] Preparing start region for level 1 (Seed: -4941169331827867998)
2017-06-22 06:30:39 [INFO] Preparing start region for level 2 (Seed: -4941169331827867998)
2017-06-22 06:30:39 [INFO] [RaspberryJuice] Enabling RaspberryJuice v1.3
2017-06-22 06:30:39 [INFO] Server permissions file permissions.yml is empty, ignoring it
2017-06-22 06:30:39 [INFO] Done (1.721s)! For help, type "help" or "?"
2017-06-22 06:30:58 [WARNING] Could not get information about this CraftBukkit version; perhaps you are running a custom one?: ConnectException
2017-06-22 06:31:03 [INFO] BDZNH[/127.0.0.1:3375] logged in with entity id 29 at ([world] 143.5, 72.0, 97.5)
2017-06-22 06:31:06 [SEVERE] Exception in thread "Thread-6" 
2017-06-22 06:31:06 [SEVERE] org.bukkit.craftbukkit.libs.com.google.gson.JsonSyntaxException: java.lang.IllegalStateException: Expected BEGIN_OBJECT but was STRING at line 1 column 7
2017-06-22 06:31:06 [SEVERE] 	at org.bukkit.craftbukkit.libs.com.google.gson.internal.bind.ReflectiveTypeAdapterFactory$Adapter.read(ReflectiveTypeAdapterFactory.java:176)
2017-06-22 06:31:06 [SEVERE] 	at org.bukkit.craftbukkit.libs.com.google.gson.Gson.fromJson(Gson.java:795)
2017-06-22 06:31:06 [SEVERE] 	at org.bukkit.craftbukkit.libs.com.google.gson.Gson.fromJson(Gson.java:734)
2017-06-22 06:31:06 [SEVERE] 	at org.bukkit.craftbukkit.v1_6_R3.updater.BukkitDLUpdaterService.fetchArtifact(BukkitDLUpdaterService.java:51)
2017-06-22 06:31:06 [SEVERE] 	at org.bukkit.craftbukkit.v1_6_R3.updater.BukkitDLUpdaterService.getArtifact(BukkitDLUpdaterService.java:28)
2017-06-22 06:31:06 [SEVERE] 	at org.bukkit.craftbukkit.v1_6_R3.updater.AutoUpdater$1.run(AutoUpdater.java:78)
2017-06-22 06:31:06 [SEVERE] Caused by: java.lang.IllegalStateException: Expected BEGIN_OBJECT but was STRING at line 1 column 7
2017-06-22 06:31:06 [SEVERE] 	at org.bukkit.craftbukkit.libs.com.google.gson.stream.JsonReader.expect(JsonReader.java:339)
2017-06-22 06:31:06 [SEVERE] 	at org.bukkit.craftbukkit.libs.com.google.gson.stream.JsonReader.beginObject(JsonReader.java:322)
2017-06-22 06:31:06 [SEVERE] 	at org.bukkit.craftbukkit.libs.com.google.gson.internal.bind.ReflectiveTypeAdapterFactory$Adapter.read(ReflectiveTypeAdapterFactory.java:165)
2017-06-22 06:31:06 [SEVERE] 	... 5 more
2017-06-22 06:36:02 [INFO] Connection reset
2017-06-22 06:36:02 [INFO] BDZNH lost connection: disconnect.quitting
2017-06-22 06:36:02 [INFO] ¡ìeBDZNH left the game.
2017-06-22 06:36:08 [INFO] CONSOLE: Stopping the server..[m
2017-06-22 06:36:08 [INFO] Stopping server
2017-06-22 06:36:08 [INFO] [RaspberryJuice] Disabling RaspberryJuice v1.3
2017-06-22 06:36:08 [SEVERE] java.net.SocketException: socket closed
2017-06-22 06:36:08 [SEVERE] 	at java.net.DualStackPlainSocketImpl.accept0(Native Method)
2017-06-22 06:36:08 [SEVERE] 	at java.net.DualStackPlainSocketImpl.socketAccept(Unknown Source)
2017-06-22 06:36:08 [INFO] Saving players
2017-06-22 06:36:08 [WARNING] DSCT: socket closed
2017-06-22 06:36:08 [SEVERE] 	at java.net.AbstractPlainSocketImpl.accept(Unknown Source)
2017-06-22 06:36:08 [INFO] Saving worlds
2017-06-22 06:36:08 [INFO] Closing listening thread
2017-06-22 06:36:08 [SEVERE] 	at java.net.PlainSocketImpl.accept(Unknown Source)
2017-06-22 06:36:08 [INFO] Saving chunks for level 'world'/Overworld
2017-06-22 06:36:08 [SEVERE] 	at java.net.ServerSocket.implAccept(Unknown Source)
2017-06-22 06:36:08 [SEVERE] 	at java.net.ServerSocket.accept(Unknown Source)
2017-06-22 06:36:08 [SEVERE] 	at net.zhuoweizhang.raspberryjuice.ServerListenerThread.run(ServerListenerThread.java:27)
2017-06-22 06:36:08 [SEVERE] 	at java.lang.Thread.run(Unknown Source)
2017-06-22 06:36:09 [INFO] Saving chunks for level 'world_nether'/Nether
2017-06-22 06:36:09 [INFO] Saving chunks for level 'world_the_end'/The End
2017-06-22 06:36:09 [INFO] Stopping server
2017-06-22 06:41:05 [INFO] Starting minecraft server version 1.6.4
2017-06-22 06:41:05 [INFO] Loading properties
2017-06-22 06:41:05 [INFO] Default game type: CREATIVE
2017-06-22 06:41:05 [INFO] Generating keypair
2017-06-22 06:41:05 [INFO] Starting Minecraft server on *:25565
2017-06-22 06:41:05 [INFO] This server is running CraftBukkit version git-Bukkit-1.6.4-R2.0-b2918jnks (MC: 1.6.4) (Implementing API version 1.6.4-R2.0)
2017-06-22 06:41:05 [INFO] [RaspberryJuice] Loading RaspberryJuice v1.3
2017-06-22 06:41:05 [WARNING] **** SERVER IS RUNNING IN OFFLINE/INSECURE MODE!
2017-06-22 06:41:05 [WARNING] The server will make no attempt to authenticate usernames. Beware.
2017-06-22 06:41:05 [WARNING] While this makes the game possible to play without internet access, it also opens up the ability for hackers to connect with any username they choose.
2017-06-22 06:41:05 [WARNING] To change this, set "online-mode" to "true" in the server.properties file.
2017-06-22 06:41:05 [INFO] Preparing level "world"
2017-06-22 06:41:05 [INFO] Preparing start region for level 0 (Seed: -4941169331827867998)
2017-06-22 06:41:06 [INFO] Preparing start region for level 1 (Seed: -4941169331827867998)
2017-06-22 06:41:07 [INFO] Preparing start region for level 2 (Seed: -4941169331827867998)
2017-06-22 06:41:07 [INFO] [RaspberryJuice] Enabling RaspberryJuice v1.3
2017-06-22 06:41:07 [INFO] Server permissions file permissions.yml is empty, ignoring it
2017-06-22 06:41:07 [INFO] Done (1.487s)! For help, type "help" or "?"
2017-06-22 06:41:07 [SEVERE] Exception in thread "Thread-6" 
2017-06-22 06:41:07 [SEVERE] org.bukkit.craftbukkit.libs.com.google.gson.JsonSyntaxException: java.lang.IllegalStateException: Expected BEGIN_OBJECT but was STRING at line 1 column 7
2017-06-22 06:41:07 [SEVERE] 	at org.bukkit.craftbukkit.libs.com.google.gson.internal.bind.ReflectiveTypeAdapterFactory$Adapter.read(ReflectiveTypeAdapterFactory.java:176)
2017-06-22 06:41:07 [SEVERE] 	at org.bukkit.craftbukkit.libs.com.google.gson.Gson.fromJson(Gson.java:795)
2017-06-22 06:41:07 [SEVERE] 	at org.bukkit.craftbukkit.libs.com.google.gson.Gson.fromJson(Gson.java:734)
2017-06-22 06:41:07 [SEVERE] 	at org.bukkit.craftbukkit.v1_6_R3.updater.BukkitDLUpdaterService.fetchArtifact(BukkitDLUpdaterService.java:51)
2017-06-22 06:41:07 [SEVERE] 	at org.bukkit.craftbukkit.v1_6_R3.updater.BukkitDLUpdaterService.getArtifact(BukkitDLUpdaterService.java:28)
2017-06-22 06:41:07 [SEVERE] 	at org.bukkit.craftbukkit.v1_6_R3.updater.AutoUpdater$1.run(AutoUpdater.java:77)
2017-06-22 06:41:07 [SEVERE] Caused by: java.lang.IllegalStateException: Expected BEGIN_OBJECT but was STRING at line 1 column 7
2017-06-22 06:41:07 [SEVERE] 	at org.bukkit.craftbukkit.libs.com.google.gson.stream.JsonReader.expect(JsonReader.java:339)
2017-06-22 06:41:07 [SEVERE] 	at org.bukkit.craftbukkit.libs.com.google.gson.stream.JsonReader.beginObject(JsonReader.java:322)
2017-06-22 06:41:07 [SEVERE] 	at org.bukkit.craftbukkit.libs.com.google.gson.internal.bind.ReflectiveTypeAdapterFactory$Adapter.read(ReflectiveTypeAdapterFactory.java:165)
2017-06-22 06:41:07 [SEVERE] 	... 5 more
2017-06-22 06:42:46 [INFO] Starting input thread!
2017-06-22 06:42:46 [INFO] [RaspberryJuice] Opened connection to/127.0.0.1:3739.
2017-06-22 06:42:46 [INFO] Starting output thread!
2017-06-22 06:42:46 [INFO] [RaspberryJuice] Closed connection to/127.0.0.1:3739.
2017-06-22 06:43:18 [INFO] [RaspberryJuice] Opened connection to/127.0.0.1:3744.
2017-06-22 06:43:18 [INFO] Starting input thread!
2017-06-22 06:43:18 [INFO] Starting output thread!
2017-06-22 06:43:18 [WARNING] [RaspberryJuice] Task #2 for RaspberryJuice v1.3 generated an exception
java.lang.NullPointerException
	at net.zhuoweizhang.raspberryjuice.RemoteSession.handleCommand(RemoteSession.java:168)
	at net.zhuoweizhang.raspberryjuice.RemoteSession.handleLine(RemoteSession.java:106)
	at net.zhuoweizhang.raspberryjuice.RemoteSession.tick(RemoteSession.java:87)
	at net.zhuoweizhang.raspberryjuice.RaspberryJuicePlugin$TickHandler.run(RaspberryJuicePlugin.java:122)
	at org.bukkit.craftbukkit.v1_6_R3.scheduler.CraftTask.run(CraftTask.java:53)
	at org.bukkit.craftbukkit.v1_6_R3.scheduler.CraftScheduler.mainThreadHeartbeat(CraftScheduler.java:345)
	at net.minecraft.server.v1_6_R3.MinecraftServer.t(MinecraftServer.java:524)
	at net.minecraft.server.v1_6_R3.DedicatedServer.t(DedicatedServer.java:227)
	at net.minecraft.server.v1_6_R3.MinecraftServer.s(MinecraftServer.java:488)
	at net.minecraft.server.v1_6_R3.MinecraftServer.run(MinecraftServer.java:421)
	at net.minecraft.server.v1_6_R3.ThreadServerApplication.run(SourceFile:583)
2017-06-22 06:43:48 [INFO] BDZNH[/127.0.0.1:3759] logged in with entity id 34 at ([world] 139.30000001192093, 72.0, 103.02566564624233)
2017-06-22 06:44:10 [SEVERE] java.net.SocketException: Connection reset
2017-06-22 06:44:10 [SEVERE] 	at java.net.SocketInputStream.read(Unknown Source)
2017-06-22 06:44:10 [SEVERE] 	at java.net.SocketInputStream.read(Unknown Source)
2017-06-22 06:44:10 [SEVERE] 	at sun.nio.cs.StreamDecoder.readBytes(Unknown Source)
2017-06-22 06:44:10 [SEVERE] 	at sun.nio.cs.StreamDecoder.implRead(Unknown Source)
2017-06-22 06:44:10 [SEVERE] 	at sun.nio.cs.StreamDecoder.read(Unknown Source)
2017-06-22 06:44:10 [SEVERE] 	at java.io.InputStreamReader.read(Unknown Source)
2017-06-22 06:44:10 [SEVERE] 	at java.io.BufferedReader.fill(Unknown Source)
2017-06-22 06:44:10 [SEVERE] 	at java.io.BufferedReader.readLine(Unknown Source)
2017-06-22 06:44:10 [SEVERE] 	at java.io.BufferedReader.readLine(Unknown Source)
2017-06-22 06:44:10 [SEVERE] 	at net.zhuoweizhang.raspberryjuice.RemoteSession$InputThread.run(RemoteSession.java:337)
2017-06-22 06:44:10 [SEVERE] 	at java.lang.Thread.run(Unknown Source)
2017-06-22 06:44:10 [INFO] [RaspberryJuice] Closed connection to/127.0.0.1:3744.
2017-06-22 06:44:25 [WARNING] Can't keep up! Did the system time change, or is the server overloaded?
2017-06-22 06:44:39 [INFO] [RaspberryJuice] Opened connection to/127.0.0.1:3773.
2017-06-22 06:44:39 [INFO] Starting input thread!
2017-06-22 06:44:39 [INFO] Starting output thread!
2017-06-22 06:44:39 [INFO] [RaspberryJuice] Closed connection to/127.0.0.1:3773.
2017-06-22 06:44:52 [INFO] Connection reset
2017-06-22 06:44:52 [INFO] BDZNH lost connection: disconnect.quitting
2017-06-22 06:44:52 [INFO] ¡ìeBDZNH left the game.
2017-06-22 06:44:57 [INFO] CONSOLE: Stopping the server..[m
2017-06-22 06:44:57 [INFO] Stopping server
2017-06-22 06:44:57 [INFO] [RaspberryJuice] Disabling RaspberryJuice v1.3
2017-06-22 06:44:57 [SEVERE] java.net.SocketException: socket closed
2017-06-22 06:44:57 [SEVERE] 	at java.net.DualStackPlainSocketImpl.accept0(Native Method)
2017-06-22 06:44:57 [INFO] Saving players
2017-06-22 06:44:57 [WARNING] DSCT: socket closed
2017-06-22 06:44:57 [SEVERE] 	at java.net.DualStackPlainSocketImpl.socketAccept(Unknown Source)
2017-06-22 06:44:57 [INFO] Closing listening thread
2017-06-22 06:44:57 [SEVERE] 	at java.net.AbstractPlainSocketImpl.accept(Unknown Source)
2017-06-22 06:44:57 [INFO] Saving worlds
2017-06-22 06:44:57 [SEVERE] 	at java.net.PlainSocketImpl.accept(Unknown Source)
2017-06-22 06:44:57 [INFO] Saving chunks for level 'world'/Overworld
2017-06-22 06:44:57 [SEVERE] 	at java.net.ServerSocket.implAccept(Unknown Source)
2017-06-22 06:44:57 [SEVERE] 	at java.net.ServerSocket.accept(Unknown Source)
2017-06-22 06:44:57 [SEVERE] 	at net.zhuoweizhang.raspberryjuice.ServerListenerThread.run(ServerListenerThread.java:27)
2017-06-22 06:44:57 [SEVERE] 	at java.lang.Thread.run(Unknown Source)
2017-06-22 06:44:58 [INFO] Saving chunks for level 'world_nether'/Nether
2017-06-22 06:44:58 [INFO] Saving chunks for level 'world_the_end'/The End
2017-06-22 06:44:58 [INFO] Stopping server
